<?xml version="1.0" encoding="UTF-8"?>
<robot generator="Robot 4.1.3 (Python 3.9.10 on darwin)" generated="20220224 16:46:00.427" rpa="false" schemaversion="2">
<suite id="s1" name="Jitter" source="/Users/hacker/Bolsa/tutoriais/4 - Robot_tests/jitter">
<suite id="s1-s1" name="testJitter" source="/Users/hacker/Bolsa/tutoriais/4 - Robot_tests/jitter/testJitter.robot">
<test id="s1-s1-t1" name="Testing if the jitter is less_or_equal_than 0.03 ms">
<kw name="Run Keyword If" library="BuiltIn">
<var>${COMPARATOR}</var>
<arg>'%{jitter_comparator}' == 'more_than'</arg>
<arg>Set Variable</arg>
<arg>&gt;</arg>
<arg>ELSE IF</arg>
<arg>'%{jitter_comparator}' == 'more_or_equal_than'</arg>
<arg>Set Variable</arg>
<arg>&gt;=</arg>
<arg>ELSE IF</arg>
<arg>'%{jitter_comparator}' == 'less_than'</arg>
<arg>Set Variable</arg>
<arg>&lt;</arg>
<arg>ELSE IF</arg>
<arg>'%{jitter_comparator}' == 'less_or_equal_than'</arg>
<arg>Set Variable</arg>
<arg>&lt;=</arg>
<arg>ELSE</arg>
<arg>Fail</arg>
<arg>\nComparator has not been defined</arg>
<doc>Runs the given keyword with the given arguments, if ``condition`` is true.</doc>
<kw name="Set Variable" library="BuiltIn">
<arg>&lt;=</arg>
<doc>Returns the given values which can then be assigned to a variables.</doc>
<status status="PASS" starttime="20220224 16:46:02.539" endtime="20220224 16:46:02.539"/>
</kw>
<msg timestamp="20220224 16:46:02.539" level="INFO">${COMPARATOR} = &lt;=</msg>
<status status="PASS" starttime="20220224 16:46:02.538" endtime="20220224 16:46:02.539"/>
</kw>
<kw name="Jitter" library="jitter">
<var>${jitter_ms}</var>
<msg timestamp="20220224 16:46:09.400" level="INFO">Jitter: 0.010764045883612393</msg>
<msg timestamp="20220224 16:46:09.400" level="INFO">${jitter_ms} = 0.010764045883612393</msg>
<status status="PASS" starttime="20220224 16:46:02.540" endtime="20220224 16:46:09.400"/>
</kw>
<if>
<branch type="IF" condition="'${jitter_ms}' != '-1'">
<kw name="Should Be True" library="BuiltIn">
<arg>${jitter_ms} ${COMPARATOR} %{jitter_threshold}</arg>
<doc>Fails if the given condition is not true.</doc>
<status status="PASS" starttime="20220224 16:46:09.401" endtime="20220224 16:46:09.402"/>
</kw>
<status status="PASS" starttime="20220224 16:46:09.401" endtime="20220224 16:46:09.402"/>
</branch>
<branch type="ELSE">
<kw name="Fail" library="BuiltIn">
<arg>\nImpossible to compute Jitter</arg>
<doc>Fails the test with the given message and optionally alters its tags.</doc>
<status status="NOT RUN" starttime="20220224 16:46:09.402" endtime="20220224 16:46:09.402"/>
</kw>
<status status="NOT RUN" starttime="20220224 16:46:09.402" endtime="20220224 16:46:09.402"/>
</branch>
<status status="PASS" starttime="20220224 16:46:09.401" endtime="20220224 16:46:09.402"/>
</if>
<status status="PASS" starttime="20220224 16:46:02.537" endtime="20220224 16:46:09.403"/>
</test>
<status status="PASS" starttime="20220224 16:46:00.461" endtime="20220224 16:46:09.404"/>
</suite>
<status status="PASS" starttime="20220224 16:46:00.428" endtime="20220224 16:46:09.406"/>
</suite>
<statistics>
<total>
<stat pass="1" fail="0" skip="0">All Tests</stat>
</total>
<tag>
</tag>
<suite>
<stat pass="1" fail="0" skip="0" id="s1" name="Jitter">Jitter</stat>
<stat pass="1" fail="0" skip="0" id="s1-s1" name="testJitter">Jitter.testJitter</stat>
</suite>
</statistics>
<errors>
</errors>
</robot>
