<?xml version="1.0" encoding="UTF-8"?>
<robot generator="Robot 6.0.2 (Python 3.8.10 on linux)" generated="20230303 16:19:31.114" rpa="false" schemaversion="3">
<suite id="s1" name="testVnf etsi" source="/home/chrisys/tutorials/4-test_your_vnfs_with_robot_framework/VNF_ETSI_Test/testVnf_etsi.robot">
<test id="s1-t1" name="Testing if the validation output is OK" line="5">
<kw name="Vnf Etsi" library="vnf_etsi">
<var>${vnf_val}</var>
<msg timestamp="20230303 16:19:33.382" level="INFO">err=''
curr='/home/ubuntu\n'
stdin=&lt;paramiko.ChannelFile from &lt;paramiko.Channel 2 (open) window=2097152 -&gt; &lt;paramiko.Transport at 0xe19c9820 (cipher aes128-ctr, 128 bits) (active; 1 open channel(s))&gt;&gt;&gt;
stdout=&lt;paramiko.ChannelFile from &lt;paramiko.Channel 2 (open) window=2097152 -&gt; &lt;paramiko.Transport at 0xe19c9820 (cipher aes128-ctr, 128 bits) (active; 1 open channel(s))&gt;&gt;&gt;
stderr=&lt;paramiko.ChannelFile from &lt;paramiko.Channel 2 (open) window=2097152 -&gt; &lt;paramiko.Transport at 0xe19c9820 (cipher aes128-ctr, 128 bits) (active; 1 open channel(s))&gt;&gt;&gt;
vnf_val='OK'
VNF (hash): +---------------+-------------------------------+-------+-------+
| TYPE          | PATH                          | VALID | ERROR |
+---------------+-------------------------------+-------+-------+
| etsi_nfv_vnfd | 5gasp_emho_knf/emho_vnfd.yaml |   OK  | -     |
+---------------+-------------------------------+-------+-------+</msg>
<msg timestamp="20230303 16:19:33.382" level="INFO">${vnf_val} = OK</msg>
<status status="PASS" starttime="20230303 16:19:31.670" endtime="20230303 16:19:33.382"/>
</kw>
<kw name="Should Be Equal As Strings" library="BuiltIn">
<arg>${vnf_val}</arg>
<arg>%{VNF_VALID}</arg>
<doc>Fails if objects are unequal after converting them to strings.</doc>
<status status="PASS" starttime="20230303 16:19:33.382" endtime="20230303 16:19:33.382"/>
</kw>
<status status="PASS" starttime="20230303 16:19:31.670" endtime="20230303 16:19:33.382"/>
</test>
<status status="PASS" starttime="20230303 16:19:31.115" endtime="20230303 16:19:33.383"/>
</suite>
<statistics>
<total>
<stat pass="1" fail="0" skip="0">All Tests</stat>
</total>
<tag>
</tag>
<suite>
<stat pass="1" fail="0" skip="0" id="s1" name="testVnf etsi">testVnf etsi</stat>
</suite>
</statistics>
<errors>
</errors>
</robot>
